[2019-10-08 19:29:38] Текст ошибки: Страница не найдена | файл: C:\OSPanel\domains\note.loc\vendor\rrt\core\Router.php | Строка: 39
---------------------
[2019-10-08 19:29:38] Текст ошибки: Страница не найдена | файл: C:\OSPanel\domains\note.loc\vendor\rrt\core\Router.php | Строка: 39
---------------------
[2019-10-08 19:29:38] Текст ошибки: Страница не найдена | файл: C:\OSPanel\domains\note.loc\vendor\rrt\core\Router.php | Строка: 39
---------------------
[2019-10-08 19:29:38] Текст ошибки: Страница не найдена | файл: C:\OSPanel\domains\note.loc\vendor\rrt\core\Router.php | Строка: 39
---------------------
[2019-10-08 19:29:38] Текст ошибки: Страница не найдена | файл: C:\OSPanel\domains\note.loc\vendor\rrt\core\Router.php | Строка: 39
---------------------
[2019-10-08 19:29:38] Текст ошибки: Страница не найдена | файл: C:\OSPanel\domains\note.loc\vendor\rrt\core\Router.php | Строка: 39
---------------------
[2019-10-08 19:29:38] Текст ошибки: Страница не найдена | файл: C:\OSPanel\domains\note.loc\vendor\rrt\core\Router.php | Строка: 39
---------------------
[2019-10-08 19:29:38] Текст ошибки: Страница не найдена | файл: C:\OSPanel\domains\note.loc\vendor\rrt\core\Router.php | Строка: 39
---------------------
[2019-10-08 19:29:38] Текст ошибки: Страница не найдена | файл: C:\OSPanel\domains\note.loc\vendor\rrt\core\Router.php | Строка: 39
---------------------
[2019-10-08 19:29:38] Текст ошибки: Страница не найдена | файл: C:\OSPanel\domains\note.loc\vendor\rrt\core\Router.php | Строка: 39
---------------------
[2019-10-08 19:29:38] Текст ошибки: Страница не найдена | файл: C:\OSPanel\domains\note.loc\vendor\rrt\core\Router.php | Строка: 39
---------------------
[2019-10-08 19:32:55] Текст ошибки: Страница не найдена | файл: C:\OSPanel\domains\note.loc\vendor\rrt\core\Router.php | Строка: 39
---------------------
[2019-10-08 19:32:55] Текст ошибки: Страница не найдена | файл: C:\OSPanel\domains\note.loc\vendor\rrt\core\Router.php | Строка: 39
---------------------
[2019-10-08 19:32:55] Текст ошибки: Страница не найдена | файл: C:\OSPanel\domains\note.loc\vendor\rrt\core\Router.php | Строка: 39
---------------------
[2019-10-08 19:32:55] Текст ошибки: Страница не найдена | файл: C:\OSPanel\domains\note.loc\vendor\rrt\core\Router.php | Строка: 39
---------------------
[2019-10-08 19:32:55] Текст ошибки: Страница не найдена | файл: C:\OSPanel\domains\note.loc\vendor\rrt\core\Router.php | Строка: 39
---------------------
[2019-10-08 19:32:55] Текст ошибки: Страница не найдена | файл: C:\OSPanel\domains\note.loc\vendor\rrt\core\Router.php | Строка: 39
---------------------
[2019-10-08 19:32:55] Текст ошибки: Страница не найдена | файл: C:\OSPanel\domains\note.loc\vendor\rrt\core\Router.php | Строка: 39
---------------------
[2019-10-08 19:32:55] Текст ошибки: Страница не найдена | файл: C:\OSPanel\domains\note.loc\vendor\rrt\core\Router.php | Строка: 39
---------------------
[2019-10-08 19:32:55] Текст ошибки: Страница не найдена | файл: C:\OSPanel\domains\note.loc\vendor\rrt\core\Router.php | Строка: 39
---------------------
[2019-10-08 19:32:56] Текст ошибки: Страница не найдена | файл: C:\OSPanel\domains\note.loc\vendor\rrt\core\Router.php | Строка: 39
---------------------
[2019-10-08 19:32:56] Текст ошибки: Страница не найдена | файл: C:\OSPanel\domains\note.loc\vendor\rrt\core\Router.php | Строка: 39
---------------------
[2019-10-08 19:34:46] Текст ошибки: Страница не найдена | файл: C:\OSPanel\domains\note.loc\vendor\rrt\core\Router.php | Строка: 39
---------------------
[2019-10-08 19:34:46] Текст ошибки: Страница не найдена | файл: C:\OSPanel\domains\note.loc\vendor\rrt\core\Router.php | Строка: 39
---------------------
[2019-10-08 19:34:46] Текст ошибки: Страница не найдена | файл: C:\OSPanel\domains\note.loc\vendor\rrt\core\Router.php | Строка: 39
---------------------
[2019-10-08 19:34:46] Текст ошибки: Страница не найдена | файл: C:\OSPanel\domains\note.loc\vendor\rrt\core\Router.php | Строка: 39
---------------------
[2019-10-08 19:34:46] Текст ошибки: Страница не найдена | файл: C:\OSPanel\domains\note.loc\vendor\rrt\core\Router.php | Строка: 39
---------------------
[2019-10-08 19:34:46] Текст ошибки: Страница не найдена | файл: C:\OSPanel\domains\note.loc\vendor\rrt\core\Router.php | Строка: 39
---------------------
[2019-10-08 19:34:46] Текст ошибки: Страница не найдена | файл: C:\OSPanel\domains\note.loc\vendor\rrt\core\Router.php | Строка: 39
---------------------
[2019-10-08 19:34:46] Текст ошибки: Страница не найдена | файл: C:\OSPanel\domains\note.loc\vendor\rrt\core\Router.php | Строка: 39
---------------------
[2019-10-08 19:34:47] Текст ошибки: Страница не найдена | файл: C:\OSPanel\domains\note.loc\vendor\rrt\core\Router.php | Строка: 39
---------------------
[2019-10-08 19:34:47] Текст ошибки: Страница не найдена | файл: C:\OSPanel\domains\note.loc\vendor\rrt\core\Router.php | Строка: 39
---------------------
[2019-10-08 19:34:47] Текст ошибки: Страница не найдена | файл: C:\OSPanel\domains\note.loc\vendor\rrt\core\Router.php | Строка: 39
---------------------
[2019-10-08 19:45:49] Текст ошибки: Страница не найдена | файл: C:\OSPanel\domains\note.loc\vendor\rrt\core\Router.php | Строка: 39
---------------------
[2019-10-08 19:45:49] Текст ошибки: Страница не найдена | файл: C:\OSPanel\domains\note.loc\vendor\rrt\core\Router.php | Строка: 39
---------------------
[2019-10-08 19:45:49] Текст ошибки: Страница не найдена | файл: C:\OSPanel\domains\note.loc\vendor\rrt\core\Router.php | Строка: 39
---------------------
[2019-10-08 19:45:49] Текст ошибки: Страница не найдена | файл: C:\OSPanel\domains\note.loc\vendor\rrt\core\Router.php | Строка: 39
---------------------
[2019-10-08 19:45:49] Текст ошибки: Страница не найдена | файл: C:\OSPanel\domains\note.loc\vendor\rrt\core\Router.php | Строка: 39
---------------------
[2019-10-08 19:45:49] Текст ошибки: Страница не найдена | файл: C:\OSPanel\domains\note.loc\vendor\rrt\core\Router.php | Строка: 39
---------------------
[2019-10-08 19:45:49] Текст ошибки: Страница не найдена | файл: C:\OSPanel\domains\note.loc\vendor\rrt\core\Router.php | Строка: 39
---------------------
[2019-10-08 19:45:49] Текст ошибки: Страница не найдена | файл: C:\OSPanel\domains\note.loc\vendor\rrt\core\Router.php | Строка: 39
---------------------
[2019-10-08 19:45:49] Текст ошибки: Страница не найдена | файл: C:\OSPanel\domains\note.loc\vendor\rrt\core\Router.php | Строка: 39
---------------------
[2019-10-08 19:45:49] Текст ошибки: Страница не найдена | файл: C:\OSPanel\domains\note.loc\vendor\rrt\core\Router.php | Строка: 39
---------------------
[2019-10-08 19:45:49] Текст ошибки: Страница не найдена | файл: C:\OSPanel\domains\note.loc\vendor\rrt\core\Router.php | Строка: 39
---------------------
[2019-10-08 19:47:55] Текст ошибки: Страница не найдена | файл: C:\OSPanel\domains\note.loc\vendor\rrt\core\Router.php | Строка: 39
---------------------
[2019-10-08 19:47:55] Текст ошибки: Страница не найдена | файл: C:\OSPanel\domains\note.loc\vendor\rrt\core\Router.php | Строка: 39
---------------------
[2019-10-08 19:47:55] Текст ошибки: Страница не найдена | файл: C:\OSPanel\domains\note.loc\vendor\rrt\core\Router.php | Строка: 39
---------------------
[2019-10-08 19:47:55] Текст ошибки: Страница не найдена | файл: C:\OSPanel\domains\note.loc\vendor\rrt\core\Router.php | Строка: 39
---------------------
[2019-10-08 19:47:55] Текст ошибки: Страница не найдена | файл: C:\OSPanel\domains\note.loc\vendor\rrt\core\Router.php | Строка: 39
---------------------
[2019-10-08 19:47:55] Текст ошибки: Страница не найдена | файл: C:\OSPanel\domains\note.loc\vendor\rrt\core\Router.php | Строка: 39
---------------------
[2019-10-08 19:47:55] Текст ошибки: Страница не найдена | файл: C:\OSPanel\domains\note.loc\vendor\rrt\core\Router.php | Строка: 39
---------------------
[2019-10-08 19:47:55] Текст ошибки: Страница не найдена | файл: C:\OSPanel\domains\note.loc\vendor\rrt\core\Router.php | Строка: 39
---------------------
[2019-10-08 19:47:55] Текст ошибки: Страница не найдена | файл: C:\OSPanel\domains\note.loc\vendor\rrt\core\Router.php | Строка: 39
---------------------
[2019-10-08 19:47:55] Текст ошибки: Страница не найдена | файл: C:\OSPanel\domains\note.loc\vendor\rrt\core\Router.php | Строка: 39
---------------------
[2019-10-08 19:47:55] Текст ошибки: Страница не найдена | файл: C:\OSPanel\domains\note.loc\vendor\rrt\core\Router.php | Строка: 39
---------------------
[2019-10-08 19:47:56] Текст ошибки: Страница не найдена | файл: C:\OSPanel\domains\note.loc\vendor\rrt\core\Router.php | Строка: 39
---------------------
[2019-10-08 19:47:56] Текст ошибки: Страница не найдена | файл: C:\OSPanel\domains\note.loc\vendor\rrt\core\Router.php | Строка: 39
---------------------
[2019-10-08 19:47:56] Текст ошибки: Страница не найдена | файл: C:\OSPanel\domains\note.loc\vendor\rrt\core\Router.php | Строка: 39
---------------------
[2019-10-08 19:47:56] Текст ошибки: Страница не найдена | файл: C:\OSPanel\domains\note.loc\vendor\rrt\core\Router.php | Строка: 39
---------------------
[2019-10-08 19:47:56] Текст ошибки: Страница не найдена | файл: C:\OSPanel\domains\note.loc\vendor\rrt\core\Router.php | Строка: 39
---------------------
[2019-10-08 19:47:56] Текст ошибки: Страница не найдена | файл: C:\OSPanel\domains\note.loc\vendor\rrt\core\Router.php | Строка: 39
---------------------
[2019-10-08 19:47:56] Текст ошибки: Страница не найдена | файл: C:\OSPanel\domains\note.loc\vendor\rrt\core\Router.php | Строка: 39
---------------------
[2019-10-08 19:47:56] Текст ошибки: Страница не найдена | файл: C:\OSPanel\domains\note.loc\vendor\rrt\core\Router.php | Строка: 39
---------------------
[2019-10-08 19:47:56] Текст ошибки: Страница не найдена | файл: C:\OSPanel\domains\note.loc\vendor\rrt\core\Router.php | Строка: 39
---------------------
[2019-10-08 19:47:56] Текст ошибки: Страница не найдена | файл: C:\OSPanel\domains\note.loc\vendor\rrt\core\Router.php | Строка: 39
---------------------
[2019-10-08 19:47:56] Текст ошибки: Страница не найдена | файл: C:\OSPanel\domains\note.loc\vendor\rrt\core\Router.php | Строка: 39
---------------------
[2019-10-08 19:47:56] Текст ошибки: Страница не найдена | файл: C:\OSPanel\domains\note.loc\vendor\rrt\core\Router.php | Строка: 39
---------------------
[2019-10-08 19:47:56] Текст ошибки: Страница не найдена | файл: C:\OSPanel\domains\note.loc\vendor\rrt\core\Router.php | Строка: 39
---------------------
[2019-10-08 19:47:56] Текст ошибки: Страница не найдена | файл: C:\OSPanel\domains\note.loc\vendor\rrt\core\Router.php | Строка: 39
---------------------
[2019-10-08 19:47:56] Текст ошибки: Страница не найдена | файл: C:\OSPanel\domains\note.loc\vendor\rrt\core\Router.php | Строка: 39
---------------------
[2019-10-08 19:47:56] Текст ошибки: Страница не найдена | файл: C:\OSPanel\domains\note.loc\vendor\rrt\core\Router.php | Строка: 39
---------------------
[2019-10-08 19:47:56] Текст ошибки: Страница не найдена | файл: C:\OSPanel\domains\note.loc\vendor\rrt\core\Router.php | Строка: 39
---------------------
[2019-10-08 19:47:56] Текст ошибки: Страница не найдена | файл: C:\OSPanel\domains\note.loc\vendor\rrt\core\Router.php | Строка: 39
---------------------
[2019-10-08 19:47:56] Текст ошибки: Страница не найдена | файл: C:\OSPanel\domains\note.loc\vendor\rrt\core\Router.php | Строка: 39
---------------------
[2019-10-08 19:47:56] Текст ошибки: Страница не найдена | файл: C:\OSPanel\domains\note.loc\vendor\rrt\core\Router.php | Строка: 39
---------------------
[2019-10-08 19:47:56] Текст ошибки: Страница не найдена | файл: C:\OSPanel\domains\note.loc\vendor\rrt\core\Router.php | Строка: 39
---------------------
[2019-10-08 19:47:56] Текст ошибки: Страница не найдена | файл: C:\OSPanel\domains\note.loc\vendor\rrt\core\Router.php | Строка: 39
---------------------
[2019-10-08 19:48:02] Текст ошибки: Страница не найдена | файл: C:\OSPanel\domains\note.loc\vendor\rrt\core\Router.php | Строка: 39
---------------------
[2019-10-08 19:48:02] Текст ошибки: Страница не найдена | файл: C:\OSPanel\domains\note.loc\vendor\rrt\core\Router.php | Строка: 39
---------------------
[2019-10-08 19:48:02] Текст ошибки: Страница не найдена | файл: C:\OSPanel\domains\note.loc\vendor\rrt\core\Router.php | Строка: 39
---------------------
[2019-10-08 19:48:02] Текст ошибки: Страница не найдена | файл: C:\OSPanel\domains\note.loc\vendor\rrt\core\Router.php | Строка: 39
---------------------
[2019-10-08 19:48:02] Текст ошибки: Страница не найдена | файл: C:\OSPanel\domains\note.loc\vendor\rrt\core\Router.php | Строка: 39
---------------------
[2019-10-08 19:48:02] Текст ошибки: Страница не найдена | файл: C:\OSPanel\domains\note.loc\vendor\rrt\core\Router.php | Строка: 39
---------------------
[2019-10-08 19:48:02] Текст ошибки: Страница не найдена | файл: C:\OSPanel\domains\note.loc\vendor\rrt\core\Router.php | Строка: 39
---------------------
[2019-10-08 19:48:02] Текст ошибки: Страница не найдена | файл: C:\OSPanel\domains\note.loc\vendor\rrt\core\Router.php | Строка: 39
---------------------
[2019-10-08 19:48:02] Текст ошибки: Страница не найдена | файл: C:\OSPanel\domains\note.loc\vendor\rrt\core\Router.php | Строка: 39
---------------------
[2019-10-08 19:48:03] Текст ошибки: Страница не найдена | файл: C:\OSPanel\domains\note.loc\vendor\rrt\core\Router.php | Строка: 39
---------------------
[2019-10-08 19:48:03] Текст ошибки: Страница не найдена | файл: C:\OSPanel\domains\note.loc\vendor\rrt\core\Router.php | Строка: 39
---------------------
[2019-10-08 19:48:56] Текст ошибки: Страница не найдена | файл: C:\OSPanel\domains\note.loc\vendor\rrt\core\Router.php | Строка: 39
---------------------
[2019-10-08 19:52:19] Текст ошибки: Страница не найдена | файл: C:\OSPanel\domains\note.loc\vendor\rrt\core\Router.php | Строка: 39
---------------------
[2019-10-08 19:52:19] Текст ошибки: Страница не найдена | файл: C:\OSPanel\domains\note.loc\vendor\rrt\core\Router.php | Строка: 39
---------------------
[2019-10-08 19:52:19] Текст ошибки: Страница не найдена | файл: C:\OSPanel\domains\note.loc\vendor\rrt\core\Router.php | Строка: 39
---------------------
[2019-10-08 19:52:19] Текст ошибки: Страница не найдена | файл: C:\OSPanel\domains\note.loc\vendor\rrt\core\Router.php | Строка: 39
---------------------
[2019-10-08 19:52:19] Текст ошибки: Страница не найдена | файл: C:\OSPanel\domains\note.loc\vendor\rrt\core\Router.php | Строка: 39
---------------------
[2019-10-08 19:52:19] Текст ошибки: Страница не найдена | файл: C:\OSPanel\domains\note.loc\vendor\rrt\core\Router.php | Строка: 39
---------------------
[2019-10-08 19:52:19] Текст ошибки: Страница не найдена | файл: C:\OSPanel\domains\note.loc\vendor\rrt\core\Router.php | Строка: 39
---------------------
[2019-10-08 19:52:19] Текст ошибки: Страница не найдена | файл: C:\OSPanel\domains\note.loc\vendor\rrt\core\Router.php | Строка: 39
---------------------
[2019-10-08 19:52:19] Текст ошибки: Страница не найдена | файл: C:\OSPanel\domains\note.loc\vendor\rrt\core\Router.php | Строка: 39
---------------------
[2019-10-08 19:52:19] Текст ошибки: Страница не найдена | файл: C:\OSPanel\domains\note.loc\vendor\rrt\core\Router.php | Строка: 39
---------------------
[2019-10-08 19:52:19] Текст ошибки: Страница не найдена | файл: C:\OSPanel\domains\note.loc\vendor\rrt\core\Router.php | Строка: 39
---------------------
[2019-10-08 19:52:23] Текст ошибки: Страница не найдена | файл: C:\OSPanel\domains\note.loc\vendor\rrt\core\Router.php | Строка: 39
---------------------
[2019-10-08 19:54:14] Текст ошибки: Страница не найдена | файл: C:\OSPanel\domains\note.loc\vendor\rrt\core\Router.php | Строка: 39
---------------------
[2019-10-08 19:54:14] Текст ошибки: Страница не найдена | файл: C:\OSPanel\domains\note.loc\vendor\rrt\core\Router.php | Строка: 39
---------------------
[2019-10-08 19:54:14] Текст ошибки: Страница не найдена | файл: C:\OSPanel\domains\note.loc\vendor\rrt\core\Router.php | Строка: 39
---------------------
[2019-10-08 19:54:14] Текст ошибки: Страница не найдена | файл: C:\OSPanel\domains\note.loc\vendor\rrt\core\Router.php | Строка: 39
---------------------
[2019-10-08 19:54:14] Текст ошибки: Страница не найдена | файл: C:\OSPanel\domains\note.loc\vendor\rrt\core\Router.php | Строка: 39
---------------------
[2019-10-08 19:54:14] Текст ошибки: Страница не найдена | файл: C:\OSPanel\domains\note.loc\vendor\rrt\core\Router.php | Строка: 39
---------------------
[2019-10-08 19:54:14] Текст ошибки: Страница не найдена | файл: C:\OSPanel\domains\note.loc\vendor\rrt\core\Router.php | Строка: 39
---------------------
[2019-10-08 19:54:14] Текст ошибки: Страница не найдена | файл: C:\OSPanel\domains\note.loc\vendor\rrt\core\Router.php | Строка: 39
---------------------
[2019-10-08 19:54:14] Текст ошибки: Страница не найдена | файл: C:\OSPanel\domains\note.loc\vendor\rrt\core\Router.php | Строка: 39
---------------------
[2019-10-08 19:54:14] Текст ошибки: Страница не найдена | файл: C:\OSPanel\domains\note.loc\vendor\rrt\core\Router.php | Строка: 39
---------------------
[2019-10-08 19:54:14] Текст ошибки: Страница не найдена | файл: C:\OSPanel\domains\note.loc\vendor\rrt\core\Router.php | Строка: 39
---------------------
[2019-10-08 19:54:33] Текст ошибки: Страница не найдена | файл: C:\OSPanel\domains\note.loc\vendor\rrt\core\Router.php | Строка: 39
---------------------
[2019-10-08 19:54:33] Текст ошибки: Страница не найдена | файл: C:\OSPanel\domains\note.loc\vendor\rrt\core\Router.php | Строка: 39
---------------------
[2019-10-08 19:54:33] Текст ошибки: Страница не найдена | файл: C:\OSPanel\domains\note.loc\vendor\rrt\core\Router.php | Строка: 39
---------------------
[2019-10-08 19:54:33] Текст ошибки: Страница не найдена | файл: C:\OSPanel\domains\note.loc\vendor\rrt\core\Router.php | Строка: 39
---------------------
[2019-10-08 19:54:33] Текст ошибки: Страница не найдена | файл: C:\OSPanel\domains\note.loc\vendor\rrt\core\Router.php | Строка: 39
---------------------
[2019-10-08 19:54:33] Текст ошибки: Страница не найдена | файл: C:\OSPanel\domains\note.loc\vendor\rrt\core\Router.php | Строка: 39
---------------------
[2019-10-08 19:54:33] Текст ошибки: Страница не найдена | файл: C:\OSPanel\domains\note.loc\vendor\rrt\core\Router.php | Строка: 39
---------------------
[2019-10-08 19:54:33] Текст ошибки: Страница не найдена | файл: C:\OSPanel\domains\note.loc\vendor\rrt\core\Router.php | Строка: 39
---------------------
[2019-10-08 19:54:33] Текст ошибки: Страница не найдена | файл: C:\OSPanel\domains\note.loc\vendor\rrt\core\Router.php | Строка: 39
---------------------
[2019-10-08 19:54:33] Текст ошибки: Страница не найдена | файл: C:\OSPanel\domains\note.loc\vendor\rrt\core\Router.php | Строка: 39
---------------------
[2019-10-08 19:54:33] Текст ошибки: Страница не найдена | файл: C:\OSPanel\domains\note.loc\vendor\rrt\core\Router.php | Строка: 39
---------------------
[2019-10-08 19:58:11] Текст ошибки: Страница не найдена | файл: C:\OSPanel\domains\note.loc\vendor\rrt\core\Router.php | Строка: 39
---------------------
[2019-10-08 19:58:11] Текст ошибки: Страница не найдена | файл: C:\OSPanel\domains\note.loc\vendor\rrt\core\Router.php | Строка: 39
---------------------
[2019-10-08 19:58:11] Текст ошибки: Страница не найдена | файл: C:\OSPanel\domains\note.loc\vendor\rrt\core\Router.php | Строка: 39
---------------------
[2019-10-08 19:58:11] Текст ошибки: Страница не найдена | файл: C:\OSPanel\domains\note.loc\vendor\rrt\core\Router.php | Строка: 39
---------------------
[2019-10-08 19:58:11] Текст ошибки: Страница не найдена | файл: C:\OSPanel\domains\note.loc\vendor\rrt\core\Router.php | Строка: 39
---------------------
[2019-10-08 19:58:11] Текст ошибки: Страница не найдена | файл: C:\OSPanel\domains\note.loc\vendor\rrt\core\Router.php | Строка: 39
---------------------
[2019-10-08 19:58:11] Текст ошибки: Страница не найдена | файл: C:\OSPanel\domains\note.loc\vendor\rrt\core\Router.php | Строка: 39
---------------------
[2019-10-08 19:58:11] Текст ошибки: Страница не найдена | файл: C:\OSPanel\domains\note.loc\vendor\rrt\core\Router.php | Строка: 39
---------------------
[2019-10-08 19:58:11] Текст ошибки: Страница не найдена | файл: C:\OSPanel\domains\note.loc\vendor\rrt\core\Router.php | Строка: 39
---------------------
[2019-10-08 19:58:11] Текст ошибки: Страница не найдена | файл: C:\OSPanel\domains\note.loc\vendor\rrt\core\Router.php | Строка: 39
---------------------
[2019-10-08 19:58:11] Текст ошибки: Страница не найдена | файл: C:\OSPanel\domains\note.loc\vendor\rrt\core\Router.php | Строка: 39
---------------------
[2019-10-08 20:00:41] Текст ошибки: Страница не найдена | файл: C:\OSPanel\domains\note.loc\vendor\rrt\core\Router.php | Строка: 39
---------------------
[2019-10-08 20:00:41] Текст ошибки: Страница не найдена | файл: C:\OSPanel\domains\note.loc\vendor\rrt\core\Router.php | Строка: 39
---------------------
[2019-10-08 20:00:41] Текст ошибки: Страница не найдена | файл: C:\OSPanel\domains\note.loc\vendor\rrt\core\Router.php | Строка: 39
---------------------
[2019-10-08 20:00:41] Текст ошибки: Страница не найдена | файл: C:\OSPanel\domains\note.loc\vendor\rrt\core\Router.php | Строка: 39
---------------------
[2019-10-08 20:00:41] Текст ошибки: Страница не найдена | файл: C:\OSPanel\domains\note.loc\vendor\rrt\core\Router.php | Строка: 39
---------------------
[2019-10-08 20:00:41] Текст ошибки: Страница не найдена | файл: C:\OSPanel\domains\note.loc\vendor\rrt\core\Router.php | Строка: 39
---------------------
[2019-10-08 20:00:41] Текст ошибки: Страница не найдена | файл: C:\OSPanel\domains\note.loc\vendor\rrt\core\Router.php | Строка: 39
---------------------
[2019-10-08 20:00:42] Текст ошибки: Страница не найдена | файл: C:\OSPanel\domains\note.loc\vendor\rrt\core\Router.php | Строка: 39
---------------------
[2019-10-08 20:00:42] Текст ошибки: Страница не найдена | файл: C:\OSPanel\domains\note.loc\vendor\rrt\core\Router.php | Строка: 39
---------------------
[2019-10-08 20:00:42] Текст ошибки: Страница не найдена | файл: C:\OSPanel\domains\note.loc\vendor\rrt\core\Router.php | Строка: 39
---------------------
[2019-10-08 20:00:42] Текст ошибки: Страница не найдена | файл: C:\OSPanel\domains\note.loc\vendor\rrt\core\Router.php | Строка: 39
---------------------
[2019-10-08 20:00:48] Текст ошибки: Страница не найдена | файл: C:\OSPanel\domains\note.loc\vendor\rrt\core\Router.php | Строка: 39
---------------------
[2019-10-08 20:00:48] Текст ошибки: Страница не найдена | файл: C:\OSPanel\domains\note.loc\vendor\rrt\core\Router.php | Строка: 39
---------------------
[2019-10-08 20:00:48] Текст ошибки: Страница не найдена | файл: C:\OSPanel\domains\note.loc\vendor\rrt\core\Router.php | Строка: 39
---------------------
[2019-10-08 20:00:48] Текст ошибки: Страница не найдена | файл: C:\OSPanel\domains\note.loc\vendor\rrt\core\Router.php | Строка: 39
---------------------
[2019-10-08 20:00:48] Текст ошибки: Страница не найдена | файл: C:\OSPanel\domains\note.loc\vendor\rrt\core\Router.php | Строка: 39
---------------------
[2019-10-08 20:00:48] Текст ошибки: Страница не найдена | файл: C:\OSPanel\domains\note.loc\vendor\rrt\core\Router.php | Строка: 39
---------------------
[2019-10-08 20:00:48] Текст ошибки: Страница не найдена | файл: C:\OSPanel\domains\note.loc\vendor\rrt\core\Router.php | Строка: 39
---------------------
[2019-10-08 20:00:48] Текст ошибки: Страница не найдена | файл: C:\OSPanel\domains\note.loc\vendor\rrt\core\Router.php | Строка: 39
---------------------
[2019-10-08 20:00:48] Текст ошибки: Страница не найдена | файл: C:\OSPanel\domains\note.loc\vendor\rrt\core\Router.php | Строка: 39
---------------------
[2019-10-08 20:00:48] Текст ошибки: Страница не найдена | файл: C:\OSPanel\domains\note.loc\vendor\rrt\core\Router.php | Строка: 39
---------------------
[2019-10-08 20:00:48] Текст ошибки: Страница не найдена | файл: C:\OSPanel\domains\note.loc\vendor\rrt\core\Router.php | Строка: 39
---------------------
[2019-10-08 20:02:06] Текст ошибки: Контроллер \app\controllers\RrtController не найден | файл: C:\OSPanel\domains\note.loc\vendor\rrt\core\Router.php | Строка: 36
---------------------
[2019-10-08 20:02:12] Текст ошибки: Метод \app\controllers\MainController::rrtAction не найден | файл: C:\OSPanel\domains\note.loc\vendor\rrt\core\Router.php | Строка: 33
---------------------
[2019-10-08 20:02:15] Текст ошибки: Метод \app\controllers\MainController::rrtAction не найден | файл: C:\OSPanel\domains\note.loc\vendor\rrt\core\Router.php | Строка: 33
---------------------
[2019-10-08 20:07:11] Текст ошибки: Контроллер \app\controllers\MybookController не найден | файл: C:\OSPanel\domains\note.loc\vendor\rrt\core\Router.php | Строка: 36
---------------------
[2019-10-08 20:54:44] Текст ошибки: Страница не найдена | файл: C:\OSPanel\domains\note.loc\vendor\rrt\core\Router.php | Строка: 39
---------------------
[2019-10-08 20:54:44] Текст ошибки: Страница не найдена | файл: C:\OSPanel\domains\note.loc\vendor\rrt\core\Router.php | Строка: 39
---------------------
[2019-10-08 20:54:44] Текст ошибки: Страница не найдена | файл: C:\OSPanel\domains\note.loc\vendor\rrt\core\Router.php | Строка: 39
---------------------
[2019-10-08 20:54:44] Текст ошибки: Страница не найдена | файл: C:\OSPanel\domains\note.loc\vendor\rrt\core\Router.php | Строка: 39
---------------------
[2019-10-08 20:54:44] Текст ошибки: Страница не найдена | файл: C:\OSPanel\domains\note.loc\vendor\rrt\core\Router.php | Строка: 39
---------------------
[2019-10-08 20:54:44] Текст ошибки: Страница не найдена | файл: C:\OSPanel\domains\note.loc\vendor\rrt\core\Router.php | Строка: 39
---------------------
[2019-10-08 20:54:44] Текст ошибки: Страница не найдена | файл: C:\OSPanel\domains\note.loc\vendor\rrt\core\Router.php | Строка: 39
---------------------
[2019-10-08 20:54:44] Текст ошибки: Страница не найдена | файл: C:\OSPanel\domains\note.loc\vendor\rrt\core\Router.php | Строка: 39
---------------------
[2019-10-08 20:54:44] Текст ошибки: Страница не найдена | файл: C:\OSPanel\domains\note.loc\vendor\rrt\core\Router.php | Строка: 39
---------------------
[2019-10-08 20:54:44] Текст ошибки: Страница не найдена | файл: C:\OSPanel\domains\note.loc\vendor\rrt\core\Router.php | Строка: 39
---------------------
[2019-10-08 20:54:44] Текст ошибки: Страница не найдена | файл: C:\OSPanel\domains\note.loc\vendor\rrt\core\Router.php | Строка: 39
---------------------
[2019-10-08 20:56:57] Текст ошибки: Страница не найдена | файл: C:\OSPanel\domains\note.loc\vendor\rrt\core\Router.php | Строка: 39
---------------------
[2019-10-08 20:56:57] Текст ошибки: Страница не найдена | файл: C:\OSPanel\domains\note.loc\vendor\rrt\core\Router.php | Строка: 39
---------------------
[2019-10-08 20:56:57] Текст ошибки: Страница не найдена | файл: C:\OSPanel\domains\note.loc\vendor\rrt\core\Router.php | Строка: 39
---------------------
[2019-10-08 20:56:57] Текст ошибки: Страница не найдена | файл: C:\OSPanel\domains\note.loc\vendor\rrt\core\Router.php | Строка: 39
---------------------
[2019-10-08 20:56:57] Текст ошибки: Страница не найдена | файл: C:\OSPanel\domains\note.loc\vendor\rrt\core\Router.php | Строка: 39
---------------------
[2019-10-08 20:56:57] Текст ошибки: Страница не найдена | файл: C:\OSPanel\domains\note.loc\vendor\rrt\core\Router.php | Строка: 39
---------------------
[2019-10-08 20:56:57] Текст ошибки: Страница не найдена | файл: C:\OSPanel\domains\note.loc\vendor\rrt\core\Router.php | Строка: 39
---------------------
[2019-10-08 20:56:57] Текст ошибки: Страница не найдена | файл: C:\OSPanel\domains\note.loc\vendor\rrt\core\Router.php | Строка: 39
---------------------
[2019-10-08 20:56:57] Текст ошибки: Страница не найдена | файл: C:\OSPanel\domains\note.loc\vendor\rrt\core\Router.php | Строка: 39
---------------------
[2019-10-08 20:56:57] Текст ошибки: Страница не найдена | файл: C:\OSPanel\domains\note.loc\vendor\rrt\core\Router.php | Строка: 39
---------------------
[2019-10-08 20:56:57] Текст ошибки: Страница не найдена | файл: C:\OSPanel\domains\note.loc\vendor\rrt\core\Router.php | Строка: 39
---------------------
[2019-10-08 20:58:10] Текст ошибки: Страница не найдена | файл: C:\OSPanel\domains\note.loc\vendor\rrt\core\Router.php | Строка: 39
---------------------
[2019-10-08 20:58:10] Текст ошибки: Страница не найдена | файл: C:\OSPanel\domains\note.loc\vendor\rrt\core\Router.php | Строка: 39
---------------------
[2019-10-08 20:58:10] Текст ошибки: Страница не найдена | файл: C:\OSPanel\domains\note.loc\vendor\rrt\core\Router.php | Строка: 39
---------------------
[2019-10-08 20:58:10] Текст ошибки: Страница не найдена | файл: C:\OSPanel\domains\note.loc\vendor\rrt\core\Router.php | Строка: 39
---------------------
[2019-10-08 20:58:10] Текст ошибки: Страница не найдена | файл: C:\OSPanel\domains\note.loc\vendor\rrt\core\Router.php | Строка: 39
---------------------
[2019-10-08 20:58:10] Текст ошибки: Страница не найдена | файл: C:\OSPanel\domains\note.loc\vendor\rrt\core\Router.php | Строка: 39
---------------------
[2019-10-08 20:58:10] Текст ошибки: Страница не найдена | файл: C:\OSPanel\domains\note.loc\vendor\rrt\core\Router.php | Строка: 39
---------------------
[2019-10-08 20:58:10] Текст ошибки: Страница не найдена | файл: C:\OSPanel\domains\note.loc\vendor\rrt\core\Router.php | Строка: 39
---------------------
[2019-10-08 20:58:10] Текст ошибки: Страница не найдена | файл: C:\OSPanel\domains\note.loc\vendor\rrt\core\Router.php | Строка: 39
---------------------
[2019-10-08 20:58:10] Текст ошибки: Страница не найдена | файл: C:\OSPanel\domains\note.loc\vendor\rrt\core\Router.php | Строка: 39
---------------------
[2019-10-08 20:58:10] Текст ошибки: Страница не найдена | файл: C:\OSPanel\domains\note.loc\vendor\rrt\core\Router.php | Строка: 39
---------------------
[2019-10-08 20:59:16] Текст ошибки: Страница не найдена | файл: C:\OSPanel\domains\note.loc\vendor\rrt\core\Router.php | Строка: 39
---------------------
[2019-10-08 20:59:16] Текст ошибки: Страница не найдена | файл: C:\OSPanel\domains\note.loc\vendor\rrt\core\Router.php | Строка: 39
---------------------
[2019-10-08 20:59:16] Текст ошибки: Страница не найдена | файл: C:\OSPanel\domains\note.loc\vendor\rrt\core\Router.php | Строка: 39
---------------------
[2019-10-08 20:59:16] Текст ошибки: Страница не найдена | файл: C:\OSPanel\domains\note.loc\vendor\rrt\core\Router.php | Строка: 39
---------------------
[2019-10-08 20:59:16] Текст ошибки: Страница не найдена | файл: C:\OSPanel\domains\note.loc\vendor\rrt\core\Router.php | Строка: 39
---------------------
[2019-10-08 20:59:16] Текст ошибки: Страница не найдена | файл: C:\OSPanel\domains\note.loc\vendor\rrt\core\Router.php | Строка: 39
---------------------
[2019-10-08 20:59:16] Текст ошибки: Страница не найдена | файл: C:\OSPanel\domains\note.loc\vendor\rrt\core\Router.php | Строка: 39
---------------------
[2019-10-08 20:59:16] Текст ошибки: Страница не найдена | файл: C:\OSPanel\domains\note.loc\vendor\rrt\core\Router.php | Строка: 39
---------------------
[2019-10-08 20:59:16] Текст ошибки: Страница не найдена | файл: C:\OSPanel\domains\note.loc\vendor\rrt\core\Router.php | Строка: 39
---------------------
[2019-10-08 20:59:16] Текст ошибки: Страница не найдена | файл: C:\OSPanel\domains\note.loc\vendor\rrt\core\Router.php | Строка: 39
---------------------
[2019-10-08 20:59:16] Текст ошибки: Страница не найдена | файл: C:\OSPanel\domains\note.loc\vendor\rrt\core\Router.php | Строка: 39
---------------------
[2019-10-08 20:59:22] Текст ошибки: Контроллер \app\controllers\MybookController не найден | файл: C:\OSPanel\domains\note.loc\vendor\rrt\core\Router.php | Строка: 36
---------------------
[2019-10-08 21:00:12] Текст ошибки: Страница не найдена | файл: C:\OSPanel\domains\note.loc\vendor\rrt\core\Router.php | Строка: 39
---------------------
[2019-10-08 21:00:12] Текст ошибки: Страница не найдена | файл: C:\OSPanel\domains\note.loc\vendor\rrt\core\Router.php | Строка: 39
---------------------
[2019-10-08 21:00:12] Текст ошибки: Страница не найдена | файл: C:\OSPanel\domains\note.loc\vendor\rrt\core\Router.php | Строка: 39
---------------------
[2019-10-08 21:00:12] Текст ошибки: Страница не найдена | файл: C:\OSPanel\domains\note.loc\vendor\rrt\core\Router.php | Строка: 39
---------------------
[2019-10-08 21:00:12] Текст ошибки: Страница не найдена | файл: C:\OSPanel\domains\note.loc\vendor\rrt\core\Router.php | Строка: 39
---------------------
[2019-10-08 21:00:12] Текст ошибки: Страница не найдена | файл: C:\OSPanel\domains\note.loc\vendor\rrt\core\Router.php | Строка: 39
---------------------
[2019-10-08 21:00:12] Текст ошибки: Страница не найдена | файл: C:\OSPanel\domains\note.loc\vendor\rrt\core\Router.php | Строка: 39
---------------------
[2019-10-08 21:00:12] Текст ошибки: Страница не найдена | файл: C:\OSPanel\domains\note.loc\vendor\rrt\core\Router.php | Строка: 39
---------------------
[2019-10-08 21:00:13] Текст ошибки: Страница не найдена | файл: C:\OSPanel\domains\note.loc\vendor\rrt\core\Router.php | Строка: 39
---------------------
[2019-10-08 21:00:13] Текст ошибки: Страница не найдена | файл: C:\OSPanel\domains\note.loc\vendor\rrt\core\Router.php | Строка: 39
---------------------
[2019-10-08 21:01:25] Текст ошибки: Страница не найдена | файл: C:\OSPanel\domains\note.loc\vendor\rrt\core\Router.php | Строка: 39
---------------------
[2019-10-08 21:01:25] Текст ошибки: Страница не найдена | файл: C:\OSPanel\domains\note.loc\vendor\rrt\core\Router.php | Строка: 39
---------------------
[2019-10-08 21:01:25] Текст ошибки: Страница не найдена | файл: C:\OSPanel\domains\note.loc\vendor\rrt\core\Router.php | Строка: 39
---------------------
[2019-10-08 21:01:25] Текст ошибки: Страница не найдена | файл: C:\OSPanel\domains\note.loc\vendor\rrt\core\Router.php | Строка: 39
---------------------
[2019-10-08 21:01:25] Текст ошибки: Страница не найдена | файл: C:\OSPanel\domains\note.loc\vendor\rrt\core\Router.php | Строка: 39
---------------------
[2019-10-08 21:01:25] Текст ошибки: Страница не найдена | файл: C:\OSPanel\domains\note.loc\vendor\rrt\core\Router.php | Строка: 39
---------------------
[2019-10-08 21:01:25] Текст ошибки: Страница не найдена | файл: C:\OSPanel\domains\note.loc\vendor\rrt\core\Router.php | Строка: 39
---------------------
[2019-10-08 21:01:26] Текст ошибки: Страница не найдена | файл: C:\OSPanel\domains\note.loc\vendor\rrt\core\Router.php | Строка: 39
---------------------
[2019-10-08 21:01:26] Текст ошибки: Страница не найдена | файл: C:\OSPanel\domains\note.loc\vendor\rrt\core\Router.php | Строка: 39
---------------------
[2019-10-08 21:01:26] Текст ошибки: Страница не найдена | файл: C:\OSPanel\domains\note.loc\vendor\rrt\core\Router.php | Строка: 39
---------------------
[2019-10-08 21:01:26] Текст ошибки: Страница не найдена | файл: C:\OSPanel\domains\note.loc\vendor\rrt\core\Router.php | Строка: 39
---------------------
[2019-10-08 21:01:53] Текст ошибки: Страница не найдена | файл: C:\OSPanel\domains\note.loc\vendor\rrt\core\Router.php | Строка: 39
---------------------
[2019-10-08 21:01:53] Текст ошибки: Страница не найдена | файл: C:\OSPanel\domains\note.loc\vendor\rrt\core\Router.php | Строка: 39
---------------------
[2019-10-08 21:01:53] Текст ошибки: Страница не найдена | файл: C:\OSPanel\domains\note.loc\vendor\rrt\core\Router.php | Строка: 39
---------------------
[2019-10-08 21:01:53] Текст ошибки: Страница не найдена | файл: C:\OSPanel\domains\note.loc\vendor\rrt\core\Router.php | Строка: 39
---------------------
[2019-10-08 21:01:53] Текст ошибки: Страница не найдена | файл: C:\OSPanel\domains\note.loc\vendor\rrt\core\Router.php | Строка: 39
---------------------
[2019-10-08 21:01:53] Текст ошибки: Страница не найдена | файл: C:\OSPanel\domains\note.loc\vendor\rrt\core\Router.php | Строка: 39
---------------------
[2019-10-08 21:01:53] Текст ошибки: Страница не найдена | файл: C:\OSPanel\domains\note.loc\vendor\rrt\core\Router.php | Строка: 39
---------------------
[2019-10-08 21:01:53] Текст ошибки: Страница не найдена | файл: C:\OSPanel\domains\note.loc\vendor\rrt\core\Router.php | Строка: 39
---------------------
[2019-10-08 21:01:54] Текст ошибки: Страница не найдена | файл: C:\OSPanel\domains\note.loc\vendor\rrt\core\Router.php | Строка: 39
---------------------
[2019-10-08 21:01:54] Текст ошибки: Страница не найдена | файл: C:\OSPanel\domains\note.loc\vendor\rrt\core\Router.php | Строка: 39
---------------------
[2019-10-08 21:01:54] Текст ошибки: Страница не найдена | файл: C:\OSPanel\domains\note.loc\vendor\rrt\core\Router.php | Строка: 39
---------------------
[2019-10-08 21:23:38] Текст ошибки: Страница не найдена | файл: C:\OSPanel\domains\note.loc\vendor\rrt\core\Router.php | Строка: 39
---------------------
[2019-10-08 21:24:37] Текст ошибки: Страница не найдена | файл: C:\OSPanel\domains\note.loc\vendor\rrt\core\Router.php | Строка: 39
---------------------
[2019-10-08 21:28:29] Текст ошибки: SQLSTATE[42000]: Syntax error or access violation: 1064 You have an error in your SQL syntax; check the manual that corresponds to your MySQL server version for the right syntax to use near ') LIMIT 1   -- keep-cache' at line 1 | файл: C:\OSPanel\domains\note.loc\vendor\gabordemooij\redbean\RedBeanPHP\Driver\RPDO.php | Строка: 194
---------------------
[2019-10-08 21:28:48] Текст ошибки: SQLSTATE[42000]: Syntax error or access violation: 1064 You have an error in your SQL syntax; check the manual that corresponds to your MySQL server version for the right syntax to use near ') LIMIT 1   -- keep-cache' at line 1 | файл: C:\OSPanel\domains\note.loc\vendor\gabordemooij\redbean\RedBeanPHP\Driver\RPDO.php | Строка: 194
---------------------
[2019-10-08 22:49:53] Текст ошибки: Не найден вид C:\OSPanel\domains\note.loc/app/views/Notebook/edit.php | файл: C:\OSPanel\domains\note.loc\vendor\rrt\core\base\View.php | Строка: 38
---------------------
[2019-10-08 23:24:52] Текст ошибки: Не найден вид C:\OSPanel\domains\note.loc/app/views/Notebook/delete.php | файл: C:\OSPanel\domains\note.loc\vendor\rrt\core\base\View.php | Строка: 38
---------------------
[2019-10-08 23:53:41] Текст ошибки: SQLSTATE[42S02]: Base table or view not found: 1146 Table 'notebook.request' doesn't exist | файл: C:\OSPanel\domains\note.loc\vendor\gabordemooij\redbean\RedBeanPHP\Driver\RPDO.php | Строка: 194
---------------------
[2019-10-09 09:36:44] Текст ошибки: Контроллер \app\controllers\NotbookController не найден | файл: C:\OSPanel\domains\note.loc\vendor\rrt\core\Router.php | Строка: 36
---------------------
[2019-10-09 09:36:44] Текст ошибки: Страница не найдена | файл: C:\OSPanel\domains\note.loc\vendor\rrt\core\Router.php | Строка: 39
---------------------
[2019-10-09 11:37:56] Текст ошибки: Страница не найдена | файл: C:\OSPanel\domains\note.loc\app\controllers\AppController.php | Строка: 24
---------------------
[2019-10-09 11:42:27] Текст ошибки: Страница не найдена | файл: C:\OSPanel\domains\note.loc\app\controllers\AppController.php | Строка: 24
---------------------
[2019-10-09 11:49:27] Текст ошибки: Метод \app\controllers\NotebookController::indexAction не найден | файл: C:\OSPanel\domains\note.loc\vendor\rrt\core\Router.php | Строка: 33
---------------------
[2019-10-09 12:40:11] Текст ошибки: Страница не найдена | файл: C:\OSPanel\domains\note.loc\vendor\rrt\core\Router.php | Строка: 39
---------------------
[2019-10-09 12:41:03] Текст ошибки: Страница не найдена | файл: C:\OSPanel\domains\note.loc\vendor\rrt\core\Router.php | Строка: 39
---------------------
[2019-10-09 12:41:19] Текст ошибки: Страница не найдена | файл: C:\OSPanel\domains\note.loc\vendor\rrt\core\Router.php | Строка: 39
---------------------
